TN:
SF:src/router.ts
FN:23,(anonymous_0)
FN:34,(anonymous_1)
FNF:2
FNH:2
FNDA:4,(anonymous_0)
FNDA:5,(anonymous_1)
DA:1,2
DA:2,2
DA:3,2
DA:4,2
DA:6,2
DA:9,2
DA:11,2
DA:17,2
DA:23,4
DA:29,2
DA:34,5
DA:41,2
DA:47,2
DA:53,2
LF:14
LH:14
BRF:0
BRH:0
end_of_record
TN:
SF:src/server.ts
FN:7,connectDB
FN:28,(anonymous_2)
FNF:2
FNH:2
FNDA:3,connectDB
FNDA:1,(anonymous_2)
DA:1,2
DA:2,2
DA:3,2
DA:4,2
DA:7,2
DA:8,3
DA:9,3
DA:10,2
DA:14,1
DA:18,2
DA:21,2
DA:24,2
DA:26,2
DA:28,2
DA:29,1
DA:32,2
LF:16
LH:16
BRF:0
BRH:0
end_of_record
TN:
SF:src/config/db.ts
FNF:0
FNH:0
DA:1,2
DA:2,2
DA:3,2
DA:5,2
DA:12,2
LF:5
LH:5
BRF:0
BRH:0
end_of_record
TN:
SF:src/handlers/product.ts
FN:4,(anonymous_1)
FN:14,(anonymous_2)
FN:26,(anonymous_3)
FN:31,(anonymous_4)
FN:43,(anonymous_5)
FN:57,(anonymous_6)
FNF:6
FNH:6
FNDA:2,(anonymous_1)
FNDA:2,(anonymous_2)
FNDA:1,(anonymous_3)
FNDA:2,(anonymous_4)
FNDA:2,(anonymous_5)
FNDA:2,(anonymous_6)
DA:2,2
DA:4,2
DA:5,2
DA:11,2
DA:14,2
DA:15,2
DA:16,2
DA:18,2
DA:19,1
DA:22,1
DA:26,2
DA:27,1
DA:28,1
DA:31,2
DA:32,2
DA:33,2
DA:35,2
DA:36,1
DA:39,1
DA:40,1
DA:43,2
DA:44,2
DA:45,2
DA:47,2
DA:48,1
DA:51,1
DA:52,1
DA:54,1
DA:57,2
DA:58,2
DA:59,2
DA:61,2
DA:62,1
DA:65,1
DA:66,1
LF:35
LH:35
BRDA:18,0,0,1
BRDA:18,0,1,1
BRDA:35,1,0,1
BRDA:35,1,1,1
BRDA:47,2,0,1
BRDA:47,2,1,1
BRDA:61,3,0,1
BRDA:61,3,1,1
BRF:8
BRH:8
end_of_record
TN:
SF:src/middleware/index.ts
FN:4,(anonymous_0)
FNF:1
FNH:1
FNDA:17,(anonymous_0)
DA:2,2
DA:4,2
DA:5,17
DA:6,17
DA:7,8
DA:10,9
LF:6
LH:6
BRDA:6,0,0,8
BRDA:6,0,1,9
BRF:2
BRH:2
end_of_record
TN:
SF:src/models/Product.model.ts
FNF:0
FNH:0
DA:1,3
DA:7,3
DA:9,3
DA:12,3
DA:16,3
DA:19,3
LF:6
LH:6
BRF:0
BRH:0
end_of_record
